<?xml version="1.0" encoding="UTF-8"?>
<!-- Generated by org.testng.reporters.JUnitXMLReporter -->
<testsuite ignored="0" hostname="LAPTOP-VHEBP6NB" failures="1" tests="3" name="Error Validations" time="16.991" errors="0" timestamp="2025-04-30T20:10:37 IST">
  <testcase classname="Learnings.Tests.ErrorValidations" name="ErrorValidationsTest" time="0.942"/>
  <testcase classname="Learnings.Tests.ErrorValidations" name="productValidationCheck" time="3.544">
    <skipped/>
  </testcase> <!-- productValidationCheck -->
  <testcase classname="Learnings.Tests.ErrorValidations" name="productValidationCheck" time="2.289">
    <failure type="java.lang.AssertionError" message="expected [true] but found [false]">
      <![CDATA[java.lang.AssertionError: expected [true] but found [false]
at Learnings.Tests.ErrorValidations.productValidationCheck(ErrorValidations.java:34)
at java.base/java.util.ArrayList.forEach(ArrayList.java:1511)
... Removed 31 stack frames]]>
    </failure>
  </testcase> <!-- productValidationCheck -->
</testsuite> <!-- Error Validations -->
