<!DOCTYPE html PUBLIC "-//W3C//DTD XHTML 1.1//EN" "https://www.w3.org/TR/xhtml11/DTD/xhtml11.dtd">
<html xmlns="https://www.w3.org/1999/xhtml">
<head>
<meta http-equiv="content-type" content="text/html; charset=UTF-8"/>
<title>TestNG Report</title>
<style type="text/css">table {margin-bottom:10px;border-collapse:collapse;empty-cells:show}th,td {border:1px solid #009;padding:.25em .5em}th {vertical-align:bottom}td {vertical-align:top}table a {font-weight:bold}.stripe td {background-color: #E6EBF9}.num {text-align:right}.passedodd td {background-color: #3F3}.passedeven td {background-color: #0A0}.skippedodd td {background-color: #DDD}.skippedeven td {background-color: #CCC}.failedodd td,.attn {background-color: #F33}.failedeven td,.stripe .attn {background-color: #D00}.stacktrace {white-space:pre;font-family:monospace}.totop {font-size:85%;text-align:center;border-bottom:2px solid #000}.invisible {display:none}</style>
</head>
<body>
<table>
<tr><th>Test</th><th># Passed</th><th># Skipped</th><th># Retried</th><th># Failed</th><th>Time (ms)</th><th>Included Groups</th><th>Excluded Groups</th></tr>
<tr><th colspan="8">Suite</th></tr>
<tr><td><a href="#t0">Error Validations</a></td><td class="num">1</td><td class="num">0</td><td class="num attn">1</td><td class="num attn">1</td><td class="num">20,549</td><td></td><td></td></tr>
<tr class="stripe"><td><a href="#t1">Tests</a></td><td class="num">1</td><td class="num attn">1</td><td class="num">0</td><td class="num attn">1</td><td class="num">19,018</td><td></td><td></td></tr>
<tr><th>Total</th><th class="num">2</th><th class="num attn">1</th><th class="num attn">1</th><th class="num attn">2</th><th class="num">39,567</th><th colspan="2"></th></tr>
</table>
<table id='summary'><thead><tr><th>Class</th><th>Method</th><th>Start</th><th>Time (ms)</th></tr></thead><tbody><tr><th colspan="4">Suite</th></tr></tbody><tbody id="t0"><tr><th colspan="4">Error Validations &#8212; failed</th></tr><tr class="failedeven"><td rowspan="1">Learnings.Tests.ErrorValidations</td><td><a href="#m0">productValidationCheck</a></td><td rowspan="1">1746122318666</td><td rowspan="1">2530</td></tr><tr><th colspan="4">Error Validations &#8212; retried</th></tr><tr class="retriedeven"><td rowspan="1">Learnings.Tests.ErrorValidations</td><td><a href="#m1">productValidationCheck</a></td><td rowspan="1">1746122311405</td><td rowspan="1">4304</td></tr><tr><th colspan="4">Error Validations &#8212; passed</th></tr><tr class="passedeven"><td rowspan="1">Learnings.Tests.ErrorValidations</td><td><a href="#m2">ErrorValidationsTest</a></td><td rowspan="1">1746122306976</td><td rowspan="1">2629</td></tr></tbody>
<tbody id="t1"><tr><th colspan="4">Tests &#8212; failed</th></tr><tr class="failedeven"><td rowspan="1">Learnings.Tests.SubmitOrderTest</td><td><a href="#m3">submitOrder</a></td><td rowspan="1">1746122327013</td><td rowspan="1">2577</td></tr><tr><th colspan="4">Tests &#8212; skipped</th></tr><tr class="skippedeven"><td rowspan="1">Learnings.Tests.SubmitOrderTest</td><td><a href="#m4">MyOrders</a></td><td rowspan="1">1746122341992</td><td rowspan="1">0</td></tr><tr><th colspan="4">Tests &#8212; passed</th></tr><tr class="passedeven"><td rowspan="1">Learnings.Tests.SubmitOrderTest</td><td><a href="#m5">submitOrder</a></td><td rowspan="1">1746122333414</td><td rowspan="1">8466</td></tr></tbody>
</table>
<h2>Error Validations</h2><h3 id="m0">Learnings.Tests.ErrorValidations#productValidationCheck</h3><table class="result"><tr><th>Exception</th></tr><tr><td><div class="stacktrace">java.lang.AssertionError: expected [true] but found [false]
	at Learnings.Tests.ErrorValidations.productValidationCheck(ErrorValidations.java:33)
	at java.base/java.util.ArrayList.forEach(ArrayList.java:1596)
... Removed 33 stack frames</div></td></tr></table><p class="totop"><a href="#summary">back to summary</a></p>
<h3 id="m1">Learnings.Tests.ErrorValidations#productValidationCheck</h3><table class="result"><tr><th>Exception</th></tr><tr><td><div class="stacktrace">java.lang.AssertionError: expected [true] but found [false]
	at Learnings.Tests.ErrorValidations.productValidationCheck(ErrorValidations.java:33)
	at java.base/java.util.ArrayList.forEach(ArrayList.java:1596)
... Removed 33 stack frames</div></td></tr></table><p class="totop"><a href="#summary">back to summary</a></p>
<h3 id="m2">Learnings.Tests.ErrorValidations#ErrorValidationsTest</h3><table class="result"><tr><th class="invisible"/></tr></table><p class="totop"><a href="#summary">back to summary</a></p>
<h2>Tests</h2><h3 id="m3">Learnings.Tests.SubmitOrderTest#submitOrder</h3><table class="result"><tr class="param"><th>Parameter #1</th></tr><tr class="param stripe"><td>{passWord=!123weSDF, userName=nikhil1997@gmail.com, productName=ADIDAS ORIGINAL}</td></tr><tr><th>Exception</th></tr><tr><td><div class="stacktrace">java.lang.AssertionError: expected [true] but found [false]
	at Learnings.Tests.SubmitOrderTest.submitOrder(SubmitOrderTest.java:66)
	at java.base/java.util.ArrayList.forEach(ArrayList.java:1596)
... Removed 33 stack frames</div></td></tr></table><p class="totop"><a href="#summary">back to summary</a></p>
<h3 id="m4">Learnings.Tests.SubmitOrderTest#MyOrders</h3><table class="result"><tr><th>Exception</th></tr><tr><td><div class="stacktrace">java.lang.Throwable: Method Learnings.Tests.SubmitOrderTest.MyOrders() on instance Learnings.Tests.SubmitOrderTest@60f00693 depends on not successfully finished methods 
[Learnings.Tests.SubmitOrderTest.submitOrder() on instance Learnings.Tests.SubmitOrderTest@60f00693]
	at java.base/java.util.ArrayList.forEach(ArrayList.java:1596)
... Removed 22 stack frames</div></td></tr></table><p class="totop"><a href="#summary">back to summary</a></p>
<h3 id="m5">Learnings.Tests.SubmitOrderTest#submitOrder</h3><table class="result"><tr class="param"><th>Parameter #1</th></tr><tr class="param stripe"><td>{passWord=#345rtFGH, userName=mayur1995@gmail.com, productName=IPHONE 13 PRO}</td></tr></table><p class="totop"><a href="#summary">back to summary</a></p>
</body>
</html>
